<?xml version="1.0" encoding="UTF-8"?>
<!-- Generated by org.testng.reporters.JUnitReportReporter -->
<testsuite hostname="DESKTOP-AK86L5U" failures="0" tests="1" name="runner.RunnerStep" time="25.245" errors="0" timestamp="2025-01-23T19:53:18 IST" skipped="0">
  <testcase classname="runner.RunnerStep" name="runScenario" time="25.245"/>
  <system-out/>
</testsuite> <!-- runner.RunnerStep -->
